{"/Users/Vlad/Documents/projects/food-blog/client/components/Feed/Feed.tsx": {"path":"/Users/Vlad/Documents/projects/food-blog/client/components/Feed/Feed.tsx","statementMap":{"0":{"start":{"line":66,"column":0},"end":{"line":66,"column":15}},"1":{"start":{"line":3,"column":47},"end":{"line":3,"column":null}},"2":{"start":{"line":5,"column":27},"end":{"line":5,"column":null}},"3":{"start":{"line":6,"column":27},"end":{"line":6,"column":null}},"4":{"start":{"line":8,"column":17},"end":{"line":64,"column":null}},"5":{"start":{"line":9,"column":32},"end":{"line":9,"column":null}},"6":{"start":{"line":10,"column":28},"end":{"line":10,"column":null}},"7":{"start":{"line":11,"column":38},"end":{"line":11,"column":null}},"8":{"start":{"line":12,"column":32},"end":{"line":12,"column":null}},"9":{"start":{"line":13,"column":48},"end":{"line":13,"column":null}},"10":{"start":{"line":15,"column":2},"end":{"line":30,"column":null}},"11":{"start":{"line":16,"column":25},"end":{"line":27,"column":null}},"12":{"start":{"line":17,"column":6},"end":{"line":25,"column":null}},"13":{"start":{"line":18,"column":25},"end":{"line":20,"column":null}},"14":{"start":{"line":21,"column":21},"end":{"line":21,"column":null}},"15":{"start":{"line":22,"column":8},"end":{"line":22,"column":null}},"16":{"start":{"line":24,"column":8},"end":{"line":24,"column":null}},"17":{"start":{"line":26,"column":6},"end":{"line":26,"column":null}},"18":{"start":{"line":29,"column":4},"end":{"line":29,"column":null}},"19":{"start":{"line":32,"column":24},"end":{"line":35,"column":null}},"20":{"start":{"line":33,"column":18},"end":{"line":33,"column":null}},"21":{"start":{"line":34,"column":4},"end":{"line":34,"column":null}},"22":{"start":{"line":34,"column":36},"end":{"line":34,"column":null}},"23":{"start":{"line":37,"column":29},"end":{"line":41,"column":null}},"24":{"start":{"line":38,"column":4},"end":{"line":38,"column":null}},"25":{"start":{"line":39,"column":25},"end":{"line":39,"column":null}},"26":{"start":{"line":40,"column":4},"end":{"line":40,"column":null}},"27":{"start":{"line":66,"column":15},"end":{"line":66,"column":null}}},"fnMap":{"0":{"name":"(anonymous_5)","decl":{"start":{"line":8,"column":17},"end":{"line":8,"column":null}},"loc":{"start":{"line":8,"column":17},"end":{"line":64,"column":null}}},"1":{"name":"(anonymous_6)","decl":{"start":{"line":15,"column":12},"end":{"line":15,"column":null}},"loc":{"start":{"line":15,"column":12},"end":{"line":30,"column":5}}},"2":{"name":"(anonymous_7)","decl":{"start":{"line":16,"column":25},"end":{"line":16,"column":null}},"loc":{"start":{"line":16,"column":25},"end":{"line":27,"column":null}}},"3":{"name":"(anonymous_8)","decl":{"start":{"line":32,"column":24},"end":{"line":32,"column":25}},"loc":{"start":{"line":32,"column":25},"end":{"line":35,"column":null}}},"4":{"name":"(anonymous_9)","decl":{"start":{"line":34,"column":26},"end":{"line":34,"column":27}},"loc":{"start":{"line":34,"column":36},"end":{"line":34,"column":null}}},"5":{"name":"(anonymous_10)","decl":{"start":{"line":37,"column":29},"end":{"line":37,"column":30}},"loc":{"start":{"line":37,"column":30},"end":{"line":41,"column":null}}}},"branchMap":{"0":{"loc":{"start":{"line":58,"column":8},"end":{"line":60,"column":9}},"type":"cond-expr","locations":[{"start":{"line":58,"column":8},"end":{"line":60,"column":9}}]}},"s":{"0":1,"1":1,"2":1,"3":1,"4":1,"5":2,"6":2,"7":2,"8":2,"9":2,"10":2,"11":1,"12":1,"13":1,"14":1,"15":1,"16":0,"17":1,"18":1,"19":2,"20":0,"21":0,"22":0,"23":2,"24":0,"25":0,"26":0,"27":1},"f":{"0":2,"1":1,"2":1,"3":0,"4":0,"5":0},"b":{"0":[0]}}
,"/Users/Vlad/Documents/projects/food-blog/client/components/Feed/FeedRecipeList.tsx": {"path":"/Users/Vlad/Documents/projects/food-blog/client/components/Feed/FeedRecipeList.tsx","statementMap":{"0":{"start":{"line":39,"column":0},"end":{"line":39,"column":15}},"1":{"start":{"line":1,"column":26},"end":{"line":1,"column":null}},"2":{"start":{"line":3,"column":23},"end":{"line":3,"column":null}},"3":{"start":{"line":4,"column":27},"end":{"line":4,"column":null}},"4":{"start":{"line":11,"column":38},"end":{"line":37,"column":null}},"5":{"start":{"line":12,"column":2},"end":{"line":19,"column":null}},"6":{"start":{"line":21,"column":2},"end":{"line":34,"column":null}},"7":{"start":{"line":25,"column":10},"end":{"line":26,"column":null}},"8":{"start":{"line":39,"column":15},"end":{"line":39,"column":null}}},"fnMap":{"0":{"name":"(anonymous_2)","decl":{"start":{"line":11,"column":38},"end":{"line":11,"column":39}},"loc":{"start":{"line":11,"column":56},"end":{"line":37,"column":null}}},"1":{"name":"(anonymous_3)","decl":{"start":{"line":24,"column":18},"end":{"line":24,"column":19}},"loc":{"start":{"line":25,"column":10},"end":{"line":26,"column":null}}},"2":{"name":"(anonymous_4)","decl":{"start":{"line":28,"column":26},"end":{"line":28,"column":33}},"loc":{"start":{"line":28,"column":26},"end":{"line":28,"column":null}}},"3":{"name":"(anonymous_5)","decl":{"start":{"line":29,"column":24},"end":{"line":29,"column":31}},"loc":{"start":{"line":29,"column":24},"end":{"line":29,"column":null}}}},"branchMap":{"0":{"loc":{"start":{"line":12,"column":2},"end":{"line":19,"column":null}},"type":"if","locations":[{"start":{"line":12,"column":2},"end":{"line":19,"column":null}}]},"1":{"loc":{"start":{"line":21,"column":2},"end":{"line":34,"column":null}},"type":"if","locations":[{"start":{"line":21,"column":2},"end":{"line":34,"column":null}}]}},"s":{"0":2,"1":1,"2":1,"3":1,"4":1,"5":2,"6":1,"7":1,"8":1},"f":{"0":2,"1":1,"2":0,"3":0},"b":{"0":[1],"1":[1]}}
,"/Users/Vlad/Documents/projects/food-blog/client/components/Form/Form.tsx": {"path":"/Users/Vlad/Documents/projects/food-blog/client/components/Form/Form.tsx","statementMap":{"0":{"start":{"line":202,"column":0},"end":{"line":202,"column":15}},"1":{"start":{"line":1,"column":17},"end":{"line":1,"column":null}},"2":{"start":{"line":2,"column":26},"end":{"line":2,"column":null}},"3":{"start":{"line":4,"column":21},"end":{"line":4,"column":null}},"4":{"start":{"line":5,"column":24},"end":{"line":5,"column":null}},"5":{"start":{"line":6,"column":21},"end":{"line":6,"column":null}},"6":{"start":{"line":7,"column":21},"end":{"line":7,"column":null}},"7":{"start":{"line":9,"column":34},"end":{"line":200,"column":null}},"8":{"start":{"line":15,"column":6},"end":{"line":15,"column":null}},"9":{"start":{"line":17,"column":19},"end":{"line":23,"column":null}},"10":{"start":{"line":25,"column":25},"end":{"line":30,"column":null}},"11":{"start":{"line":202,"column":15},"end":{"line":202,"column":null}}},"fnMap":{"0":{"name":"(anonymous_2)","decl":{"start":{"line":9,"column":34},"end":{"line":9,"column":35}},"loc":{"start":{"line":9,"column":59},"end":{"line":200,"column":null}}}},"branchMap":{"0":{"loc":{"start":{"line":45,"column":9},"end":{"line":45,"column":null}},"type":"binary-expr","locations":[{"start":{"line":45,"column":9},"end":{"line":45,"column":null}}]},"1":{"loc":{"start":{"line":194,"column":13},"end":{"line":194,"column":null}},"type":"cond-expr","locations":[{"start":{"line":194,"column":28},"end":{"line":194,"column":54}},{"start":{"line":194,"column":57},"end":{"line":194,"column":null}}]}},"s":{"0":4,"1":1,"2":1,"3":1,"4":1,"5":1,"6":1,"7":1,"8":4,"9":4,"10":4,"11":1},"f":{"0":4},"b":{"0":[4],"1":[0,4]}}
,"/Users/Vlad/Documents/projects/food-blog/client/components/Form/FormList.tsx": {"path":"/Users/Vlad/Documents/projects/food-blog/client/components/Form/FormList.tsx","statementMap":{"0":{"start":{"line":64,"column":0},"end":{"line":64,"column":15}},"1":{"start":{"line":1,"column":18},"end":{"line":1,"column":null}},"2":{"start":{"line":2,"column":24},"end":{"line":2,"column":null}},"3":{"start":{"line":3,"column":30},"end":{"line":3,"column":null}},"4":{"start":{"line":5,"column":18},"end":{"line":5,"column":null}},"5":{"start":{"line":6,"column":22},"end":{"line":6,"column":null}},"6":{"start":{"line":8,"column":17},"end":{"line":62,"column":null}},"7":{"start":{"line":9,"column":37},"end":{"line":13,"column":null}},"8":{"start":{"line":22,"column":10},"end":{"line":23,"column":null}},"9":{"start":{"line":36,"column":35},"end":{"line":36,"column":null}},"10":{"start":{"line":55,"column":25},"end":{"line":55,"column":null}},"11":{"start":{"line":64,"column":15},"end":{"line":64,"column":null}}},"fnMap":{"0":{"name":"(anonymous_2)","decl":{"start":{"line":8,"column":17},"end":{"line":8,"column":18}},"loc":{"start":{"line":8,"column":66},"end":{"line":62,"column":null}}},"1":{"name":"(anonymous_3)","decl":{"start":{"line":21,"column":20},"end":{"line":21,"column":21}},"loc":{"start":{"line":21,"column":28},"end":{"line":51,"column":null}}},"2":{"name":"(anonymous_4)","decl":{"start":{"line":36,"column":29},"end":{"line":36,"column":35}},"loc":{"start":{"line":36,"column":35},"end":{"line":36,"column":null}}},"3":{"name":"(anonymous_5)","decl":{"start":{"line":55,"column":19},"end":{"line":55,"column":25}},"loc":{"start":{"line":55,"column":25},"end":{"line":55,"column":null}}}},"branchMap":{"0":{"loc":{"start":{"line":33,"column":17},"end":{"line":33,"column":null}},"type":"binary-expr","locations":[{"start":{"line":33,"column":17},"end":{"line":33,"column":null}}]}},"s":{"0":8,"1":1,"2":1,"3":1,"4":1,"5":1,"6":1,"7":8,"8":0,"9":0,"10":0,"11":1},"f":{"0":8,"1":0,"2":0,"3":0},"b":{"0":[0]}}
,"/Users/Vlad/Documents/projects/food-blog/client/components/Nav/Nav.tsx": {"path":"/Users/Vlad/Documents/projects/food-blog/client/components/Nav/Nav.tsx","statementMap":{"0":{"start":{"line":119,"column":0},"end":{"line":119,"column":15}},"1":{"start":{"line":3,"column":18},"end":{"line":3,"column":null}},"2":{"start":{"line":4,"column":17},"end":{"line":4,"column":null}},"3":{"start":{"line":5,"column":25},"end":{"line":5,"column":null}},"4":{"start":{"line":6,"column":36},"end":{"line":6,"column":null}},"5":{"start":{"line":7,"column":20},"end":{"line":7,"column":null}},"6":{"start":{"line":9,"column":12},"end":{"line":117,"column":null}},"7":{"start":{"line":10,"column":28},"end":{"line":10,"column":null}},"8":{"start":{"line":11,"column":46},"end":{"line":11,"column":null}},"9":{"start":{"line":13,"column":23},"end":{"line":15,"column":null}},"10":{"start":{"line":14,"column":4},"end":{"line":14,"column":null}},"11":{"start":{"line":17,"column":29},"end":{"line":25,"column":null}},"12":{"start":{"line":18,"column":4},"end":{"line":24,"column":null}},"13":{"start":{"line":19,"column":23},"end":{"line":19,"column":null}},"14":{"start":{"line":21,"column":6},"end":{"line":21,"column":null}},"15":{"start":{"line":23,"column":6},"end":{"line":23,"column":null}},"16":{"start":{"line":81,"column":33},"end":{"line":81,"column":null}},"17":{"start":{"line":88,"column":33},"end":{"line":88,"column":null}},"18":{"start":{"line":95,"column":20},"end":{"line":95,"column":null}},"19":{"start":{"line":96,"column":20},"end":{"line":96,"column":null}},"20":{"start":{"line":119,"column":15},"end":{"line":119,"column":null}}},"fnMap":{"0":{"name":"(anonymous_2)","decl":{"start":{"line":9,"column":12},"end":{"line":9,"column":null}},"loc":{"start":{"line":9,"column":12},"end":{"line":117,"column":null}}},"1":{"name":"(anonymous_3)","decl":{"start":{"line":13,"column":23},"end":{"line":13,"column":null}},"loc":{"start":{"line":13,"column":23},"end":{"line":15,"column":null}}},"2":{"name":"(anonymous_4)","decl":{"start":{"line":17,"column":29},"end":{"line":17,"column":null}},"loc":{"start":{"line":17,"column":29},"end":{"line":25,"column":null}}},"3":{"name":"(anonymous_5)","decl":{"start":{"line":81,"column":27},"end":{"line":81,"column":33}},"loc":{"start":{"line":81,"column":33},"end":{"line":81,"column":null}}},"4":{"name":"(anonymous_6)","decl":{"start":{"line":88,"column":27},"end":{"line":88,"column":33}},"loc":{"start":{"line":88,"column":33},"end":{"line":88,"column":null}}},"5":{"name":"(anonymous_7)","decl":{"start":{"line":94,"column":27},"end":{"line":94,"column":null}},"loc":{"start":{"line":94,"column":27},"end":{"line":97,"column":null}}}},"branchMap":{"0":{"loc":{"start":{"line":41,"column":10},"end":{"line":62,"column":null}},"type":"cond-expr","locations":[{"start":{"line":41,"column":10},"end":{"line":62,"column":null}}]},"1":{"loc":{"start":{"line":74,"column":10},"end":{"line":106,"column":null}},"type":"cond-expr","locations":[{"start":{"line":74,"column":10},"end":{"line":106,"column":null}}]},"2":{"loc":{"start":{"line":76,"column":13},"end":{"line":76,"column":null}},"type":"binary-expr","locations":[{"start":{"line":76,"column":13},"end":{"line":76,"column":null}}]}},"s":{"0":4,"1":1,"2":1,"3":1,"4":1,"5":1,"6":1,"7":4,"8":4,"9":4,"10":0,"11":4,"12":1,"13":1,"14":1,"15":0,"16":0,"17":0,"18":0,"19":0,"20":1},"f":{"0":4,"1":0,"2":1,"3":0,"4":0,"5":0},"b":{"0":[3],"1":[3],"2":[3]}}
,"/Users/Vlad/Documents/projects/food-blog/client/components/Profile/Profile.tsx": {"path":"/Users/Vlad/Documents/projects/food-blog/client/components/Profile/Profile.tsx","statementMap":{"0":{"start":{"line":54,"column":0},"end":{"line":54,"column":15}},"1":{"start":{"line":1,"column":26},"end":{"line":1,"column":null}},"2":{"start":{"line":2,"column":23},"end":{"line":2,"column":null}},"3":{"start":{"line":4,"column":21},"end":{"line":4,"column":null}},"4":{"start":{"line":5,"column":27},"end":{"line":5,"column":null}},"5":{"start":{"line":16,"column":35},"end":{"line":52,"column":null}},"6":{"start":{"line":39,"column":12},"end":{"line":40,"column":null}},"7":{"start":{"line":54,"column":15},"end":{"line":54,"column":null}}},"fnMap":{"0":{"name":"(anonymous_2)","decl":{"start":{"line":16,"column":35},"end":{"line":16,"column":36}},"loc":{"start":{"line":23,"column":1},"end":{"line":52,"column":null}}},"1":{"name":"(anonymous_3)","decl":{"start":{"line":38,"column":21},"end":{"line":38,"column":22}},"loc":{"start":{"line":39,"column":12},"end":{"line":40,"column":null}}}},"branchMap":{"0":{"loc":{"start":{"line":32,"column":8},"end":{"line":36,"column":16}},"type":"cond-expr","locations":[{"start":{"line":32,"column":8},"end":{"line":36,"column":16}}]},"1":{"loc":{"start":{"line":37,"column":8},"end":{"line":48,"column":9}},"type":"cond-expr","locations":[{"start":{"line":37,"column":8},"end":{"line":48,"column":9}}]}},"s":{"0":1,"1":1,"2":1,"3":1,"4":1,"5":1,"6":0,"7":1},"f":{"0":1,"1":0},"b":{"0":[0],"1":[1]}}
,"/Users/Vlad/Documents/projects/food-blog/client/components/Recipe/Recipe.tsx": {"path":"/Users/Vlad/Documents/projects/food-blog/client/components/Recipe/Recipe.tsx","statementMap":{"0":{"start":{"line":223,"column":0},"end":{"line":223,"column":15}},"1":{"start":{"line":3,"column":32},"end":{"line":3,"column":null}},"2":{"start":{"line":4,"column":18},"end":{"line":4,"column":null}},"3":{"start":{"line":6,"column":24},"end":{"line":6,"column":null}},"4":{"start":{"line":7,"column":17},"end":{"line":7,"column":null}},"5":{"start":{"line":8,"column":27},"end":{"line":8,"column":null}},"6":{"start":{"line":9,"column":22},"end":{"line":9,"column":null}},"7":{"start":{"line":10,"column":30},"end":{"line":10,"column":null}},"8":{"start":{"line":11,"column":26},"end":{"line":11,"column":null}},"9":{"start":{"line":12,"column":21},"end":{"line":12,"column":null}},"10":{"start":{"line":13,"column":37},"end":{"line":13,"column":null}},"11":{"start":{"line":15,"column":15},"end":{"line":221,"column":null}},"12":{"start":{"line":21,"column":6},"end":{"line":21,"column":null}},"13":{"start":{"line":23,"column":34},"end":{"line":26,"column":null}},"14":{"start":{"line":28,"column":40},"end":{"line":31,"column":null}},"15":{"start":{"line":34,"column":15},"end":{"line":43,"column":null}},"16":{"start":{"line":45,"column":24},"end":{"line":50,"column":null}},"17":{"start":{"line":52,"column":28},"end":{"line":52,"column":null}},"18":{"start":{"line":53,"column":30},"end":{"line":53,"column":null}},"19":{"start":{"line":55,"column":28},"end":{"line":57,"column":null}},"20":{"start":{"line":56,"column":4},"end":{"line":56,"column":null}},"21":{"start":{"line":60,"column":4},"end":{"line":73,"column":null}},"22":{"start":{"line":61,"column":23},"end":{"line":69,"column":null}},"23":{"start":{"line":70,"column":6},"end":{"line":70,"column":null}},"24":{"start":{"line":72,"column":6},"end":{"line":72,"column":null}},"25":{"start":{"line":77,"column":25},"end":{"line":78,"column":null}},"26":{"start":{"line":81,"column":4},"end":{"line":93,"column":null}},"27":{"start":{"line":82,"column":6},"end":{"line":92,"column":null}},"28":{"start":{"line":83,"column":8},"end":{"line":89,"column":null}},"29":{"start":{"line":91,"column":8},"end":{"line":91,"column":null}},"30":{"start":{"line":112,"column":12},"end":{"line":112,"column":null}},"31":{"start":{"line":119,"column":12},"end":{"line":119,"column":null}},"32":{"start":{"line":137,"column":10},"end":{"line":137,"column":null}},"33":{"start":{"line":146,"column":10},"end":{"line":146,"column":null}},"34":{"start":{"line":156,"column":10},"end":{"line":156,"column":27}},"35":{"start":{"line":212,"column":8},"end":{"line":214,"column":null}},"36":{"start":{"line":223,"column":15},"end":{"line":223,"column":null}}},"fnMap":{"0":{"name":"(anonymous_5)","decl":{"start":{"line":15,"column":15},"end":{"line":15,"column":16}},"loc":{"start":{"line":15,"column":41},"end":{"line":221,"column":null}}},"1":{"name":"(anonymous_6)","decl":{"start":{"line":55,"column":28},"end":{"line":55,"column":29}},"loc":{"start":{"line":55,"column":29},"end":{"line":57,"column":null}}},"2":{"name":"submitFunc","decl":{"start":{"line":59,"column":17},"end":{"line":59,"column":28}},"loc":{"start":{"line":59,"column":45},"end":{"line":74,"column":null}}},"3":{"name":"deleteComment","decl":{"start":{"line":76,"column":17},"end":{"line":76,"column":31}},"loc":{"start":{"line":76,"column":41},"end":{"line":94,"column":null}}},"4":{"name":"(anonymous_9)","decl":{"start":{"line":111,"column":19},"end":{"line":111,"column":null}},"loc":{"start":{"line":112,"column":12},"end":{"line":112,"column":null}}},"5":{"name":"(anonymous_10)","decl":{"start":{"line":118,"column":20},"end":{"line":118,"column":21}},"loc":{"start":{"line":119,"column":12},"end":{"line":119,"column":null}}},"6":{"name":"(anonymous_11)","decl":{"start":{"line":136,"column":30},"end":{"line":136,"column":31}},"loc":{"start":{"line":137,"column":10},"end":{"line":137,"column":null}}},"7":{"name":"(anonymous_12)","decl":{"start":{"line":145,"column":24},"end":{"line":145,"column":25}},"loc":{"start":{"line":146,"column":10},"end":{"line":146,"column":null}}},"8":{"name":"(anonymous_13)","decl":{"start":{"line":155,"column":27},"end":{"line":155,"column":28}},"loc":{"start":{"line":156,"column":10},"end":{"line":156,"column":27}}},"9":{"name":"(anonymous_14)","decl":{"start":{"line":211,"column":25},"end":{"line":211,"column":26}},"loc":{"start":{"line":212,"column":8},"end":{"line":214,"column":null}}}},"branchMap":{"0":{"loc":{"start":{"line":24,"column":4},"end":{"line":26,"column":null}},"type":"cond-expr","locations":[{"start":{"line":25,"column":8},"end":{"line":25,"column":75}},{"start":{"line":26,"column":8},"end":{"line":26,"column":null}}]},"1":{"loc":{"start":{"line":29,"column":4},"end":{"line":31,"column":null}},"type":"cond-expr","locations":[{"start":{"line":30,"column":8},"end":{"line":30,"column":25}},{"start":{"line":31,"column":8},"end":{"line":31,"column":null}}]},"2":{"loc":{"start":{"line":81,"column":4},"end":{"line":93,"column":null}},"type":"if","locations":[{"start":{"line":81,"column":4},"end":{"line":93,"column":null}}]},"3":{"loc":{"start":{"line":123,"column":17},"end":{"line":125,"column":null}},"type":"cond-expr","locations":[{"start":{"line":124,"column":20},"end":{"line":124,"column":null}},{"start":{"line":125,"column":20},"end":{"line":125,"column":null}}]},"4":{"loc":{"start":{"line":123,"column":17},"end":{"line":123,"column":null}},"type":"binary-expr","locations":[{"start":{"line":123,"column":17},"end":{"line":123,"column":46}},{"start":{"line":123,"column":46},"end":{"line":123,"column":null}}]},"5":{"loc":{"start":{"line":158,"column":28},"end":{"line":158,"column":null}},"type":"cond-expr","locations":[{"start":{"line":158,"column":56},"end":{"line":158,"column":62}},{"start":{"line":158,"column":62},"end":{"line":158,"column":null}}]},"6":{"loc":{"start":{"line":166,"column":10},"end":{"line":198,"column":11}},"type":"cond-expr","locations":[{"start":{"line":166,"column":10},"end":{"line":198,"column":11}}]}},"s":{"0":3,"1":1,"2":1,"3":1,"4":1,"5":1,"6":1,"7":1,"8":1,"9":1,"10":1,"11":1,"12":3,"13":3,"14":3,"15":3,"16":3,"17":3,"18":3,"19":3,"20":0,"21":0,"22":0,"23":0,"24":0,"25":0,"26":0,"27":0,"28":0,"29":0,"30":0,"31":15,"32":9,"33":9,"34":12,"35":0,"36":1},"f":{"0":3,"1":0,"2":0,"3":0,"4":0,"5":15,"6":9,"7":9,"8":12,"9":0},"b":{"0":[3,0],"1":[3,0],"2":[0],"3":[6,9],"4":[15,12],"5":[9,3],"6":[2]}}
,"/Users/Vlad/Documents/projects/food-blog/client/components/Recipe/RecipeCard.tsx": {"path":"/Users/Vlad/Documents/projects/food-blog/client/components/Recipe/RecipeCard.tsx","statementMap":{"0":{"start":{"line":98,"column":0},"end":{"line":98,"column":15}},"1":{"start":{"line":3,"column":40},"end":{"line":3,"column":null}},"2":{"start":{"line":4,"column":27},"end":{"line":4,"column":null}},"3":{"start":{"line":5,"column":39},"end":{"line":5,"column":null}},"4":{"start":{"line":7,"column":24},"end":{"line":7,"column":null}},"5":{"start":{"line":8,"column":18},"end":{"line":8,"column":null}},"6":{"start":{"line":16,"column":40},"end":{"line":96,"column":null}},"7":{"start":{"line":21,"column":28},"end":{"line":21,"column":null}},"8":{"start":{"line":22,"column":19},"end":{"line":22,"column":null}},"9":{"start":{"line":23,"column":17},"end":{"line":23,"column":null}},"10":{"start":{"line":25,"column":34},"end":{"line":28,"column":null}},"11":{"start":{"line":30,"column":40},"end":{"line":33,"column":null}},"12":{"start":{"line":37,"column":4},"end":{"line":37,"column":null}},"13":{"start":{"line":52,"column":14},"end":{"line":52,"column":null}},"14":{"start":{"line":81,"column":29},"end":{"line":81,"column":null}},"15":{"start":{"line":87,"column":29},"end":{"line":87,"column":null}},"16":{"start":{"line":98,"column":15},"end":{"line":98,"column":null}}},"fnMap":{"0":{"name":"(anonymous_2)","decl":{"start":{"line":16,"column":40},"end":{"line":16,"column":41}},"loc":{"start":{"line":20,"column":1},"end":{"line":96,"column":null}}},"1":{"name":"handleClick","decl":{"start":{"line":36,"column":11},"end":{"line":36,"column":null}},"loc":{"start":{"line":36,"column":11},"end":{"line":38,"column":null}}},"2":{"name":"(anonymous_4)","decl":{"start":{"line":51,"column":21},"end":{"line":51,"column":null}},"loc":{"start":{"line":52,"column":14},"end":{"line":52,"column":null}}},"3":{"name":"(anonymous_5)","decl":{"start":{"line":81,"column":23},"end":{"line":81,"column":29}},"loc":{"start":{"line":81,"column":29},"end":{"line":81,"column":null}}},"4":{"name":"(anonymous_6)","decl":{"start":{"line":87,"column":23},"end":{"line":87,"column":29}},"loc":{"start":{"line":87,"column":29},"end":{"line":87,"column":null}}}},"branchMap":{"0":{"loc":{"start":{"line":26,"column":4},"end":{"line":28,"column":null}},"type":"cond-expr","locations":[{"start":{"line":27,"column":8},"end":{"line":27,"column":75}},{"start":{"line":28,"column":8},"end":{"line":28,"column":null}}]},"1":{"loc":{"start":{"line":31,"column":4},"end":{"line":33,"column":null}},"type":"cond-expr","locations":[{"start":{"line":32,"column":8},"end":{"line":32,"column":25}},{"start":{"line":33,"column":8},"end":{"line":33,"column":null}}]},"2":{"loc":{"start":{"line":69,"column":15},"end":{"line":69,"column":null}},"type":"cond-expr","locations":[{"start":{"line":69,"column":37},"end":{"line":69,"column":54}},{"start":{"line":69,"column":57},"end":{"line":69,"column":null}}]},"3":{"loc":{"start":{"line":72,"column":15},"end":{"line":72,"column":null}},"type":"cond-expr","locations":[{"start":{"line":72,"column":27},"end":{"line":72,"column":52}},{"start":{"line":72,"column":52},"end":{"line":72,"column":null}}]},"4":{"loc":{"start":{"line":77,"column":9},"end":{"line":77,"column":52}},"type":"binary-expr","locations":[{"start":{"line":77,"column":9},"end":{"line":77,"column":52}},{"start":{"line":77,"column":52},"end":{"line":77,"column":null}}]}},"s":{"0":3,"1":3,"2":3,"3":3,"4":3,"5":3,"6":3,"7":3,"8":3,"9":3,"10":3,"11":3,"12":0,"13":0,"14":0,"15":0,"16":3},"f":{"0":3,"1":0,"2":0,"3":0,"4":0},"b":{"0":[3,0],"1":[3,0],"2":[3,0],"3":[3,0],"4":[3,0]}}
,"/Users/Vlad/Documents/projects/food-blog/client/components/Recipe/RecipeComment.tsx": {"path":"/Users/Vlad/Documents/projects/food-blog/client/components/Recipe/RecipeComment.tsx","statementMap":{"0":{"start":{"line":53,"column":0},"end":{"line":53,"column":15}},"1":{"start":{"line":1,"column":18},"end":{"line":1,"column":null}},"2":{"start":{"line":2,"column":18},"end":{"line":2,"column":null}},"3":{"start":{"line":3,"column":22},"end":{"line":3,"column":null}},"4":{"start":{"line":4,"column":24},"end":{"line":4,"column":null}},"5":{"start":{"line":6,"column":22},"end":{"line":6,"column":null}},"6":{"start":{"line":7,"column":23},"end":{"line":7,"column":null}},"7":{"start":{"line":17,"column":22},"end":{"line":51,"column":null}},"8":{"start":{"line":41,"column":28},"end":{"line":41,"column":null}},"9":{"start":{"line":53,"column":15},"end":{"line":53,"column":null}}},"fnMap":{"0":{"name":"(anonymous_2)","decl":{"start":{"line":17,"column":22},"end":{"line":17,"column":23}},"loc":{"start":{"line":17,"column":72},"end":{"line":51,"column":null}}},"1":{"name":"(anonymous_3)","decl":{"start":{"line":41,"column":21},"end":{"line":41,"column":22}},"loc":{"start":{"line":41,"column":28},"end":{"line":41,"column":null}}}},"branchMap":{"0":{"loc":{"start":{"line":34,"column":9},"end":{"line":34,"column":34}},"type":"binary-expr","locations":[{"start":{"line":34,"column":9},"end":{"line":34,"column":34}}]}},"s":{"0":0,"1":1,"2":1,"3":1,"4":1,"5":1,"6":1,"7":1,"8":0,"9":1},"f":{"0":0,"1":0},"b":{"0":[0]}}
,"/Users/Vlad/Documents/projects/food-blog/client/components/Routes/withAuth.tsx": {"path":"/Users/Vlad/Documents/projects/food-blog/client/components/Routes/withAuth.tsx","statementMap":{"0":{"start":{"line":25,"column":0},"end":{"line":25,"column":15}},"1":{"start":{"line":3,"column":27},"end":{"line":3,"column":null}},"2":{"start":{"line":4,"column":26},"end":{"line":4,"column":null}},"3":{"start":{"line":5,"column":33},"end":{"line":5,"column":null}},"4":{"start":{"line":8,"column":2},"end":{"line":22,"column":null}},"5":{"start":{"line":9,"column":30},"end":{"line":9,"column":null}},"6":{"start":{"line":10,"column":19},"end":{"line":10,"column":null}},"7":{"start":{"line":11,"column":4},"end":{"line":15,"column":null}},"8":{"start":{"line":12,"column":6},"end":{"line":14,"column":null}},"9":{"start":{"line":13,"column":8},"end":{"line":13,"column":null}},"10":{"start":{"line":17,"column":4},"end":{"line":19,"column":null}},"11":{"start":{"line":18,"column":6},"end":{"line":18,"column":null}},"12":{"start":{"line":25,"column":15},"end":{"line":25,"column":null}}},"fnMap":{"0":{"name":"withAuth","decl":{"start":{"line":7,"column":9},"end":{"line":7,"column":18}},"loc":{"start":{"line":7,"column":32},"end":{"line":23,"column":null}}},"1":{"name":"WithAuth","decl":{"start":{"line":8,"column":18},"end":{"line":8,"column":27}},"loc":{"start":{"line":8,"column":37},"end":{"line":22,"column":null}}},"2":{"name":"(anonymous_6)","decl":{"start":{"line":11,"column":14},"end":{"line":11,"column":null}},"loc":{"start":{"line":11,"column":14},"end":{"line":15,"column":7}}}},"branchMap":{"0":{"loc":{"start":{"line":12,"column":6},"end":{"line":14,"column":null}},"type":"if","locations":[{"start":{"line":12,"column":6},"end":{"line":14,"column":null}}]},"1":{"loc":{"start":{"line":17,"column":4},"end":{"line":19,"column":null}},"type":"if","locations":[{"start":{"line":17,"column":4},"end":{"line":19,"column":null}}]}},"s":{"0":2,"1":2,"2":2,"3":2,"4":2,"5":6,"6":5,"7":5,"8":5,"9":0,"10":5,"11":0,"12":2},"f":{"0":2,"1":6,"2":5},"b":{"0":[0],"1":[0]}}
,"/Users/Vlad/Documents/projects/food-blog/client/components/UI/Input/Input.tsx": {"path":"/Users/Vlad/Documents/projects/food-blog/client/components/UI/Input/Input.tsx","statementMap":{"0":{"start":{"line":54,"column":0},"end":{"line":54,"column":15}},"1":{"start":{"line":1,"column":18},"end":{"line":1,"column":null}},"2":{"start":{"line":4,"column":48},"end":{"line":52,"column":null}},"3":{"start":{"line":54,"column":15},"end":{"line":54,"column":null}}},"fnMap":{"0":{"name":"(anonymous_2)","decl":{"start":{"line":4,"column":48},"end":{"line":4,"column":49}},"loc":{"start":{"line":18,"column":1},"end":{"line":52,"column":null}}}},"branchMap":{"0":{"loc":{"start":{"line":21,"column":7},"end":{"line":21,"column":null}},"type":"binary-expr","locations":[{"start":{"line":21,"column":7},"end":{"line":21,"column":null}}]},"1":{"loc":{"start":{"line":34,"column":22},"end":{"line":34,"column":null}},"type":"cond-expr","locations":[{"start":{"line":34,"column":33},"end":{"line":34,"column":54}},{"start":{"line":34,"column":57},"end":{"line":34,"column":null}}]},"2":{"loc":{"start":{"line":43,"column":12},"end":{"line":43,"column":null}},"type":"binary-expr","locations":[{"start":{"line":43,"column":12},"end":{"line":43,"column":22}},{"start":{"line":43,"column":22},"end":{"line":43,"column":null}}]},"3":{"loc":{"start":{"line":46,"column":9},"end":{"line":46,"column":null}},"type":"binary-expr","locations":[{"start":{"line":46,"column":9},"end":{"line":46,"column":null}}]}},"s":{"0":42,"1":1,"2":1,"3":1},"f":{"0":42},"b":{"0":[42],"1":[40,2],"2":[42,0],"3":[42]}}
,"/Users/Vlad/Documents/projects/food-blog/client/components/UI/LoadingSpinner/LoadingSpinner.tsx": {"path":"/Users/Vlad/Documents/projects/food-blog/client/components/UI/LoadingSpinner/LoadingSpinner.tsx","statementMap":{"0":{"start":{"line":26,"column":0},"end":{"line":26,"column":15}},"1":{"start":{"line":1,"column":18},"end":{"line":1,"column":null}},"2":{"start":{"line":3,"column":23},"end":{"line":24,"column":null}},"3":{"start":{"line":26,"column":15},"end":{"line":26,"column":null}}},"fnMap":{"0":{"name":"(anonymous_2)","decl":{"start":{"line":3,"column":23},"end":{"line":3,"column":null}},"loc":{"start":{"line":3,"column":23},"end":{"line":24,"column":null}}}},"branchMap":{},"s":{"0":1,"1":2,"2":2,"3":2},"f":{"0":1},"b":{}}
,"/Users/Vlad/Documents/projects/food-blog/client/components/UI/RatingBar/RatingBar.tsx": {"path":"/Users/Vlad/Documents/projects/food-blog/client/components/UI/RatingBar/RatingBar.tsx","statementMap":{"0":{"start":{"line":36,"column":0},"end":{"line":36,"column":15}},"1":{"start":{"line":1,"column":18},"end":{"line":1,"column":null}},"2":{"start":{"line":9,"column":18},"end":{"line":34,"column":null}},"3":{"start":{"line":13,"column":8},"end":{"line":14,"column":null}},"4":{"start":{"line":25,"column":12},"end":{"line":25,"column":null}},"5":{"start":{"line":36,"column":15},"end":{"line":36,"column":null}}},"fnMap":{"0":{"name":"(anonymous_2)","decl":{"start":{"line":9,"column":18},"end":{"line":9,"column":19}},"loc":{"start":{"line":9,"column":69},"end":{"line":34,"column":null}}},"1":{"name":"(anonymous_3)","decl":{"start":{"line":12,"column":27},"end":{"line":12,"column":28}},"loc":{"start":{"line":13,"column":8},"end":{"line":14,"column":null}}},"2":{"name":"(anonymous_4)","decl":{"start":{"line":24,"column":19},"end":{"line":24,"column":null}},"loc":{"start":{"line":25,"column":12},"end":{"line":25,"column":null}}}},"branchMap":{"0":{"loc":{"start":{"line":16,"column":12},"end":{"line":18,"column":null}},"type":"cond-expr","locations":[{"start":{"line":17,"column":16},"end":{"line":17,"column":null}},{"start":{"line":18,"column":16},"end":{"line":18,"column":null}}]},"1":{"loc":{"start":{"line":25,"column":12},"end":{"line":25,"column":null}},"type":"cond-expr","locations":[{"start":{"line":25,"column":39},"end":{"line":25,"column":60}},{"start":{"line":25,"column":60},"end":{"line":25,"column":null}}]},"2":{"loc":{"start":{"line":25,"column":12},"end":{"line":25,"column":39}},"type":"binary-expr","locations":[{"start":{"line":25,"column":12},"end":{"line":25,"column":25}},{"start":{"line":25,"column":25},"end":{"line":25,"column":39}}]},"3":{"loc":{"start":{"line":27,"column":27},"end":{"line":27,"column":61}},"type":"cond-expr","locations":[{"start":{"line":27,"column":39},"end":{"line":27,"column":51}},{"start":{"line":27,"column":51},"end":{"line":27,"column":61}}]}},"s":{"0":2,"1":1,"2":1,"3":10,"4":0,"5":1},"f":{"0":2,"1":10,"2":0},"b":{"0":[6,4],"1":[0,0],"2":[0,0],"3":[10,0]}}
,"/Users/Vlad/Documents/projects/food-blog/client/components/UI/RatingBar/RatingDescription.tsx": {"path":"/Users/Vlad/Documents/projects/food-blog/client/components/UI/RatingBar/RatingDescription.tsx","statementMap":{"0":{"start":{"line":19,"column":0},"end":{"line":19,"column":15}},"1":{"start":{"line":1,"column":55},"end":{"line":7,"column":null}},"2":{"start":{"line":13,"column":26},"end":{"line":17,"column":null}},"3":{"start":{"line":14,"column":24},"end":{"line":14,"column":null}},"4":{"start":{"line":16,"column":2},"end":{"line":16,"column":null}},"5":{"start":{"line":19,"column":15},"end":{"line":19,"column":null}}},"fnMap":{"0":{"name":"(anonymous_1)","decl":{"start":{"line":13,"column":26},"end":{"line":13,"column":27}},"loc":{"start":{"line":13,"column":61},"end":{"line":17,"column":null}}}},"branchMap":{"0":{"loc":{"start":{"line":14,"column":24},"end":{"line":14,"column":null}},"type":"binary-expr","locations":[{"start":{"line":14,"column":24},"end":{"line":14,"column":46}},{"start":{"line":14,"column":50},"end":{"line":14,"column":null}}]}},"s":{"0":2,"1":1,"2":1,"3":2,"4":2,"5":1},"f":{"0":2},"b":{"0":[2,0]}}
,"/Users/Vlad/Documents/projects/food-blog/client/components/UI/Textarea/Textarea.tsx": {"path":"/Users/Vlad/Documents/projects/food-blog/client/components/UI/Textarea/Textarea.tsx","statementMap":{"0":{"start":{"line":33,"column":0},"end":{"line":33,"column":15}},"1":{"start":{"line":1,"column":18},"end":{"line":1,"column":null}},"2":{"start":{"line":4,"column":17},"end":{"line":31,"column":null}},"3":{"start":{"line":33,"column":15},"end":{"line":33,"column":null}}},"fnMap":{"0":{"name":"(anonymous_2)","decl":{"start":{"line":4,"column":17},"end":{"line":4,"column":18}},"loc":{"start":{"line":12,"column":23},"end":{"line":31,"column":null}}}},"branchMap":{"0":{"loc":{"start":{"line":16,"column":9},"end":{"line":16,"column":null}},"type":"binary-expr","locations":[{"start":{"line":16,"column":9},"end":{"line":16,"column":18}},{"start":{"line":16,"column":18},"end":{"line":16,"column":null}}]},"1":{"loc":{"start":{"line":21,"column":20},"end":{"line":21,"column":null}},"type":"cond-expr","locations":[{"start":{"line":21,"column":31},"end":{"line":21,"column":52}},{"start":{"line":21,"column":55},"end":{"line":21,"column":null}}]},"2":{"loc":{"start":{"line":23,"column":36},"end":{"line":23,"column":63}},"type":"binary-expr","locations":[{"start":{"line":23,"column":36},"end":{"line":23,"column":46}},{"start":{"line":23,"column":46},"end":{"line":23,"column":63}}]},"3":{"loc":{"start":{"line":26,"column":7},"end":{"line":26,"column":null}},"type":"binary-expr","locations":[{"start":{"line":26,"column":7},"end":{"line":26,"column":null}}]}},"s":{"0":6,"1":2,"2":2,"3":2},"f":{"0":6},"b":{"0":[6,6],"1":[6,0],"2":[6,0],"3":[6]}}
,"/Users/Vlad/Documents/projects/food-blog/client/utils/dateConvert.ts": {"path":"/Users/Vlad/Documents/projects/food-blog/client/utils/dateConvert.ts","statementMap":{"0":{"start":{"line":3,"column":24},"end":{"line":3,"column":36}},"1":{"start":{"line":4,"column":2},"end":{"line":19,"column":null}},"2":{"start":{"line":5,"column":26},"end":{"line":5,"column":null}},"3":{"start":{"line":7,"column":20},"end":{"line":11,"column":null}},"4":{"start":{"line":13,"column":16},"end":{"line":13,"column":null}},"5":{"start":{"line":14,"column":18},"end":{"line":14,"column":null}},"6":{"start":{"line":15,"column":17},"end":{"line":15,"column":null}},"7":{"start":{"line":17,"column":26},"end":{"line":17,"column":51}},"8":{"start":{"line":18,"column":4},"end":{"line":18,"column":null}},"9":{"start":{"line":21,"column":2},"end":{"line":21,"column":null}}},"fnMap":{"0":{"name":"dateConvert","decl":{"start":{"line":3,"column":24},"end":{"line":3,"column":36}},"loc":{"start":{"line":3,"column":51},"end":{"line":22,"column":null}}}},"branchMap":{"0":{"loc":{"start":{"line":4,"column":2},"end":{"line":19,"column":null}},"type":"if","locations":[{"start":{"line":4,"column":2},"end":{"line":19,"column":null}}]}},"s":{"0":6,"1":6,"2":6,"3":6,"4":6,"5":6,"6":6,"7":6,"8":6,"9":0},"f":{"0":6},"b":{"0":[6]}}
}
