{"total": {"lines":{"total":183,"covered":142,"skipped":0,"pct":77.59},"statements":{"total":199,"covered":154,"skipped":0,"pct":77.38},"functions":{"total":51,"covered":23,"skipped":0,"pct":45.09},"branches":{"total":53,"covered":26,"skipped":0,"pct":49.05},"branchesTrue":{"total":0,"covered":0,"skipped":0,"pct":100}}
,"/Users/Vlad/Documents/projects/food-blog/client/components/Feed/Feed.tsx": {"lines":{"total":26,"covered":20,"skipped":0,"pct":76.92},"functions":{"total":6,"covered":3,"skipped":0,"pct":50},"statements":{"total":28,"covered":21,"skipped":0,"pct":75},"branches":{"total":1,"covered":0,"skipped":0,"pct":0}}
,"/Users/Vlad/Documents/projects/food-blog/client/components/Feed/FeedRecipeList.tsx": {"lines":{"total":8,"covered":8,"skipped":0,"pct":100},"functions":{"total":4,"covered":2,"skipped":0,"pct":50},"statements":{"total":9,"covered":9,"skipped":0,"pct":100},"branches":{"total":2,"covered":2,"skipped":0,"pct":100}}
,"/Users/Vlad/Documents/projects/food-blog/client/components/Form/Form.tsx": {"lines":{"total":11,"covered":8,"skipped":0,"pct":72.72},"functions":{"total":1,"covered":0,"skipped":0,"pct":0},"statements":{"total":12,"covered":9,"skipped":0,"pct":75},"branches":{"total":3,"covered":0,"skipped":0,"pct":0}}
,"/Users/Vlad/Documents/projects/food-blog/client/components/Form/FormList.tsx": {"lines":{"total":11,"covered":7,"skipped":0,"pct":63.63},"functions":{"total":4,"covered":0,"skipped":0,"pct":0},"statements":{"total":12,"covered":7,"skipped":0,"pct":58.33},"branches":{"total":1,"covered":0,"skipped":0,"pct":0}}
,"/Users/Vlad/Documents/projects/food-blog/client/components/Nav/Nav.tsx": {"lines":{"total":20,"covered":14,"skipped":0,"pct":70},"functions":{"total":6,"covered":2,"skipped":0,"pct":33.33},"statements":{"total":21,"covered":15,"skipped":0,"pct":71.42},"branches":{"total":3,"covered":3,"skipped":0,"pct":100}}
,"/Users/Vlad/Documents/projects/food-blog/client/components/Profile/Profile.tsx": {"lines":{"total":7,"covered":6,"skipped":0,"pct":85.71},"functions":{"total":2,"covered":1,"skipped":0,"pct":50},"statements":{"total":8,"covered":7,"skipped":0,"pct":87.5},"branches":{"total":2,"covered":1,"skipped":0,"pct":50}}
,"/Users/Vlad/Documents/projects/food-blog/client/components/Recipe/Recipe.tsx": {"lines":{"total":35,"covered":23,"skipped":0,"pct":65.71},"functions":{"total":10,"covered":5,"skipped":0,"pct":50},"statements":{"total":36,"covered":24,"skipped":0,"pct":66.66},"branches":{"total":8,"covered":7,"skipped":0,"pct":87.5}}
,"/Users/Vlad/Documents/projects/food-blog/client/components/Recipe/RecipeCard.tsx": {"lines":{"total":15,"covered":11,"skipped":0,"pct":73.33},"functions":{"total":5,"covered":1,"skipped":0,"pct":20},"statements":{"total":16,"covered":12,"skipped":0,"pct":75},"branches":{"total":6,"covered":3,"skipped":0,"pct":50}}
,"/Users/Vlad/Documents/projects/food-blog/client/components/Recipe/RecipeComment.tsx": {"lines":{"total":9,"covered":8,"skipped":0,"pct":88.88},"functions":{"total":2,"covered":0,"skipped":0,"pct":0},"statements":{"total":10,"covered":8,"skipped":0,"pct":80},"branches":{"total":1,"covered":0,"skipped":0,"pct":0}}
,"/Users/Vlad/Documents/projects/food-blog/client/components/Routes/withAuth.tsx": {"lines":{"total":12,"covered":10,"skipped":0,"pct":83.33},"functions":{"total":3,"covered":3,"skipped":0,"pct":100},"statements":{"total":13,"covered":11,"skipped":0,"pct":84.61},"branches":{"total":2,"covered":0,"skipped":0,"pct":0}}
,"/Users/Vlad/Documents/projects/food-blog/client/components/UI/Input/Input.tsx": {"lines":{"total":3,"covered":3,"skipped":0,"pct":100},"functions":{"total":1,"covered":0,"skipped":0,"pct":0},"statements":{"total":4,"covered":3,"skipped":0,"pct":75},"branches":{"total":6,"covered":0,"skipped":0,"pct":0}}
,"/Users/Vlad/Documents/projects/food-blog/client/components/UI/LoadingSpinner/LoadingSpinner.tsx": {"lines":{"total":3,"covered":3,"skipped":0,"pct":100},"functions":{"total":1,"covered":1,"skipped":0,"pct":100},"statements":{"total":4,"covered":4,"skipped":0,"pct":100},"branches":{"total":0,"covered":0,"skipped":0,"pct":100}}
,"/Users/Vlad/Documents/projects/food-blog/client/components/UI/RatingBar/RatingBar.tsx": {"lines":{"total":5,"covered":4,"skipped":0,"pct":80},"functions":{"total":3,"covered":2,"skipped":0,"pct":66.66},"statements":{"total":6,"covered":5,"skipped":0,"pct":83.33},"branches":{"total":8,"covered":3,"skipped":0,"pct":37.5}}
,"/Users/Vlad/Documents/projects/food-blog/client/components/UI/RatingBar/RatingDescription.tsx": {"lines":{"total":5,"covered":5,"skipped":0,"pct":100},"functions":{"total":1,"covered":1,"skipped":0,"pct":100},"statements":{"total":6,"covered":6,"skipped":0,"pct":100},"branches":{"total":2,"covered":1,"skipped":0,"pct":50}}
,"/Users/Vlad/Documents/projects/food-blog/client/components/UI/Textarea/Textarea.tsx": {"lines":{"total":3,"covered":3,"skipped":0,"pct":100},"functions":{"total":1,"covered":1,"skipped":0,"pct":100},"statements":{"total":4,"covered":4,"skipped":0,"pct":100},"branches":{"total":7,"covered":5,"skipped":0,"pct":71.42}}
,"/Users/Vlad/Documents/projects/food-blog/client/utils/dateConvert.ts": {"lines":{"total":10,"covered":9,"skipped":0,"pct":90},"functions":{"total":1,"covered":1,"skipped":0,"pct":100},"statements":{"total":10,"covered":9,"skipped":0,"pct":90},"branches":{"total":1,"covered":1,"skipped":0,"pct":100}}
}
