TN:
SF:components/Feed/Feed.tsx
FN:8,(anonymous_5)
FN:15,(anonymous_6)
FN:16,(anonymous_7)
FN:32,(anonymous_8)
FN:34,(anonymous_9)
FN:37,(anonymous_10)
FNF:6
FNH:3
FNDA:2,(anonymous_5)
FNDA:1,(anonymous_6)
FNDA:1,(anonymous_7)
FNDA:0,(anonymous_8)
FNDA:0,(anonymous_9)
FNDA:0,(anonymous_10)
DA:3,1
DA:5,1
DA:6,1
DA:8,1
DA:9,2
DA:10,2
DA:11,2
DA:12,2
DA:13,2
DA:15,2
DA:16,1
DA:17,1
DA:18,1
DA:21,1
DA:22,1
DA:24,0
DA:26,1
DA:29,1
DA:32,2
DA:33,0
DA:34,0
DA:37,2
DA:38,0
DA:39,0
DA:40,0
DA:66,1
LF:26
LH:20
BRDA:58,0,0,0
BRF:1
BRH:0
end_of_record
TN:
SF:components/Feed/FeedRecipeList.tsx
FN:11,(anonymous_2)
FN:24,(anonymous_3)
FN:28,(anonymous_4)
FN:29,(anonymous_5)
FNF:4
FNH:2
FNDA:2,(anonymous_2)
FNDA:1,(anonymous_3)
FNDA:0,(anonymous_4)
FNDA:0,(anonymous_5)
DA:1,1
DA:3,1
DA:4,1
DA:11,1
DA:12,2
DA:21,1
DA:25,1
DA:39,2
LF:8
LH:8
BRDA:12,0,0,1
BRDA:21,1,0,1
BRF:2
BRH:2
end_of_record
TN:
SF:components/Form/Form.tsx
FN:9,(anonymous_2)
FNF:1
FNH:1
FNDA:4,(anonymous_2)
DA:1,1
DA:2,1
DA:4,1
DA:5,1
DA:6,1
DA:7,1
DA:9,1
DA:15,4
DA:17,4
DA:25,4
DA:202,4
LF:11
LH:11
BRDA:45,0,0,4
BRDA:194,1,0,0
BRDA:194,1,1,4
BRF:3
BRH:2
end_of_record
TN:
SF:components/Form/FormList.tsx
FN:8,(anonymous_2)
FN:21,(anonymous_3)
FN:36,(anonymous_4)
FN:55,(anonymous_5)
FNF:4
FNH:1
FNDA:8,(anonymous_2)
FNDA:0,(anonymous_3)
FNDA:0,(anonymous_4)
FNDA:0,(anonymous_5)
DA:1,1
DA:2,1
DA:3,1
DA:5,1
DA:6,1
DA:8,1
DA:9,8
DA:22,0
DA:36,0
DA:55,0
DA:64,8
LF:11
LH:8
BRDA:33,0,0,0
BRF:1
BRH:0
end_of_record
TN:
SF:components/Nav/Nav.tsx
FN:9,(anonymous_2)
FN:13,(anonymous_3)
FN:17,(anonymous_4)
FN:81,(anonymous_5)
FN:88,(anonymous_6)
FN:94,(anonymous_7)
FNF:6
FNH:2
FNDA:4,(anonymous_2)
FNDA:0,(anonymous_3)
FNDA:1,(anonymous_4)
FNDA:0,(anonymous_5)
FNDA:0,(anonymous_6)
FNDA:0,(anonymous_7)
DA:3,1
DA:4,1
DA:5,1
DA:6,1
DA:7,1
DA:9,1
DA:10,4
DA:11,4
DA:13,4
DA:14,0
DA:17,4
DA:18,1
DA:19,1
DA:21,1
DA:23,0
DA:81,0
DA:88,0
DA:95,0
DA:96,0
DA:119,4
LF:20
LH:14
BRDA:41,0,0,3
BRDA:74,1,0,3
BRDA:76,2,0,3
BRF:3
BRH:3
end_of_record
TN:
SF:components/Profile/Profile.tsx
FN:16,(anonymous_2)
FN:38,(anonymous_3)
FNF:2
FNH:1
FNDA:1,(anonymous_2)
FNDA:0,(anonymous_3)
DA:1,1
DA:2,1
DA:4,1
DA:5,1
DA:16,1
DA:39,0
DA:54,1
LF:7
LH:6
BRDA:32,0,0,0
BRDA:37,1,0,1
BRF:2
BRH:1
end_of_record
TN:
SF:components/Recipe/Recipe.tsx
FN:15,(anonymous_5)
FN:55,(anonymous_6)
FN:59,submitFunc
FN:76,deleteComment
FN:111,(anonymous_9)
FN:118,(anonymous_10)
FN:136,(anonymous_11)
FN:145,(anonymous_12)
FN:155,(anonymous_13)
FN:211,(anonymous_14)
FNF:10
FNH:5
FNDA:3,(anonymous_5)
FNDA:0,(anonymous_6)
FNDA:0,submitFunc
FNDA:0,deleteComment
FNDA:0,(anonymous_9)
FNDA:15,(anonymous_10)
FNDA:9,(anonymous_11)
FNDA:9,(anonymous_12)
FNDA:12,(anonymous_13)
FNDA:0,(anonymous_14)
DA:3,1
DA:4,1
DA:6,1
DA:7,1
DA:8,1
DA:9,1
DA:10,1
DA:11,1
DA:12,1
DA:13,1
DA:15,1
DA:21,3
DA:23,3
DA:28,3
DA:34,3
DA:45,3
DA:52,3
DA:53,3
DA:55,3
DA:56,0
DA:60,0
DA:61,0
DA:70,0
DA:72,0
DA:77,0
DA:81,0
DA:82,0
DA:83,0
DA:91,0
DA:112,0
DA:119,15
DA:137,9
DA:146,9
DA:156,12
DA:212,0
DA:223,3
LF:36
LH:24
BRDA:24,0,0,3
BRDA:24,0,1,0
BRDA:29,1,0,3
BRDA:29,1,1,0
BRDA:81,2,0,0
BRDA:123,3,0,6
BRDA:123,3,1,9
BRDA:123,4,0,15
BRDA:123,4,1,12
BRDA:158,5,0,9
BRDA:158,5,1,3
BRDA:166,6,0,2
BRF:12
BRH:9
end_of_record
TN:
SF:components/Recipe/RecipeCard.tsx
FN:16,(anonymous_2)
FN:36,handleClick
FN:51,(anonymous_4)
FN:81,(anonymous_5)
FN:87,(anonymous_6)
FNF:5
FNH:1
FNDA:3,(anonymous_2)
FNDA:0,handleClick
FNDA:0,(anonymous_4)
FNDA:0,(anonymous_5)
FNDA:0,(anonymous_6)
DA:3,3
DA:4,3
DA:5,3
DA:7,3
DA:8,3
DA:16,3
DA:21,3
DA:22,3
DA:23,3
DA:25,3
DA:30,3
DA:37,0
DA:52,0
DA:81,0
DA:87,0
DA:98,3
LF:16
LH:12
BRDA:26,0,0,3
BRDA:26,0,1,0
BRDA:31,1,0,3
BRDA:31,1,1,0
BRDA:69,2,0,3
BRDA:69,2,1,0
BRDA:72,3,0,3
BRDA:72,3,1,0
BRDA:77,4,0,3
BRDA:77,4,1,0
BRF:10
BRH:5
end_of_record
TN:
SF:components/Recipe/RecipeComment.tsx
FN:17,(anonymous_2)
FN:41,(anonymous_3)
FNF:2
FNH:0
FNDA:0,(anonymous_2)
FNDA:0,(anonymous_3)
DA:1,1
DA:2,1
DA:3,1
DA:4,1
DA:6,1
DA:7,1
DA:17,1
DA:41,0
DA:53,1
LF:9
LH:8
BRDA:34,0,0,0
BRF:1
BRH:0
end_of_record
TN:
SF:components/Routes/withAuth.tsx
FN:7,withAuth
FN:8,WithAuth
FN:11,(anonymous_6)
FNF:3
FNH:3
FNDA:2,withAuth
FNDA:6,WithAuth
FNDA:5,(anonymous_6)
DA:3,2
DA:4,2
DA:5,2
DA:8,2
DA:9,6
DA:10,5
DA:11,5
DA:12,5
DA:13,0
DA:17,5
DA:18,0
DA:25,2
LF:12
LH:10
BRDA:12,0,0,0
BRDA:17,1,0,0
BRF:2
BRH:0
end_of_record
TN:
SF:components/UI/Input/Input.tsx
FN:4,(anonymous_2)
FNF:1
FNH:1
FNDA:42,(anonymous_2)
DA:1,1
DA:4,1
DA:54,42
LF:3
LH:3
BRDA:21,0,0,42
BRDA:34,1,0,40
BRDA:34,1,1,2
BRDA:43,2,0,42
BRDA:43,2,1,0
BRDA:46,3,0,42
BRF:6
BRH:5
end_of_record
TN:
SF:components/UI/LoadingSpinner/LoadingSpinner.tsx
FN:3,(anonymous_2)
FNF:1
FNH:1
FNDA:1,(anonymous_2)
DA:1,2
DA:3,2
DA:26,2
LF:3
LH:3
BRF:0
BRH:0
end_of_record
TN:
SF:components/UI/RatingBar/RatingBar.tsx
FN:9,(anonymous_2)
FN:12,(anonymous_3)
FN:24,(anonymous_4)
FNF:3
FNH:2
FNDA:2,(anonymous_2)
FNDA:10,(anonymous_3)
FNDA:0,(anonymous_4)
DA:1,1
DA:9,1
DA:13,10
DA:25,0
DA:36,2
LF:5
LH:4
BRDA:16,0,0,6
BRDA:16,0,1,4
BRDA:25,1,0,0
BRDA:25,1,1,0
BRDA:25,2,0,0
BRDA:25,2,1,0
BRDA:27,3,0,10
BRDA:27,3,1,0
BRF:8
BRH:3
end_of_record
TN:
SF:components/UI/RatingBar/RatingDescription.tsx
FN:13,(anonymous_1)
FNF:1
FNH:1
FNDA:2,(anonymous_1)
DA:1,1
DA:13,1
DA:14,2
DA:16,2
DA:19,2
LF:5
LH:5
BRDA:14,0,0,2
BRDA:14,0,1,0
BRF:2
BRH:1
end_of_record
TN:
SF:components/UI/Textarea/Textarea.tsx
FN:4,(anonymous_2)
FNF:1
FNH:1
FNDA:6,(anonymous_2)
DA:1,2
DA:4,2
DA:33,6
LF:3
LH:3
BRDA:16,0,0,6
BRDA:16,0,1,6
BRDA:21,1,0,6
BRDA:21,1,1,0
BRDA:23,2,0,6
BRDA:23,2,1,0
BRDA:26,3,0,6
BRF:7
BRH:5
end_of_record
TN:
SF:utils/dateConvert.ts
FN:3,dateConvert
FNF:1
FNH:1
FNDA:6,dateConvert
DA:3,6
DA:4,6
DA:5,6
DA:7,6
DA:13,6
DA:14,6
DA:15,6
DA:17,6
DA:18,6
DA:21,0
LF:10
LH:9
BRDA:4,0,0,6
BRF:1
BRH:1
end_of_record
